{"message":"Listening on port 3000...","level":"info"}
{"message":"Connected to MongoDB...","level":"info"}
{"level":"info","message":"Listening on port 3000..."}
{"level":"info","message":"Listening on port 3000..."}
{"level":"info","message":"Listening on port 3000..."}
{"level":"info","message":"Listening on port 3000..."}
{"level":"info","message":"Listening on port 3000..."}
{"level":"info","message":"Listening on port 3000..."}
{"level":"info","message":"Listening on port 3000..."}
{"level":"info","message":"Listening on port 3000..."}
{"level":"info","message":"Listening on port 3000..."}
{"level":"info","message":"Listening on port 3000..."}
{"level":"info","message":"Listening on port 3000..."}
{"level":"info","message":"Listening on port 3000..."}
{"level":"info","message":"Listening on port 3000..."}
{"level":"info","message":"Listening on port 3000..."}
{"level":"info","message":"Listening on port 3000..."}
{"level":"info","message":"Listening on port 3000..."}
{"level":"info","message":"Listening on port 3000..."}
{"level":"info","message":"Listening on port 3000..."}
{"level":"info","message":"Listening on port 3000..."}
{"level":"info","message":"Listening on port 3000..."}
{"level":"info","message":"Listening on port 3000..."}
{"level":"info","message":"Connected to MongoDB..."}
{"level":"info","message":"Connected to MongoDB..."}
{"level":"info","message":"Connected to MongoDB..."}
{"level":"info","message":"Connected to MongoDB..."}
{"level":"info","message":"Listening on port 8092..."}
{"level":"info","message":"Connected to MongoDB..."}
{"level":"info","message":"Connected to MongoDB..."}
{"level":"info","message":"Connected to MongoDB..."}
{"level":"info","message":"Connected to MongoDB..."}
{"level":"info","message":"Connected to MongoDB..."}
{"level":"info","message":"Listening on port 8092..."}
{"level":"info","message":"Connected to MongoDB..."}
{"level":"info","message":"Connected to MongoDB..."}
{"level":"info","message":"Listening on port 8092..."}
{"level":"info","message":"Connected to MongoDB..."}
{"level":"info","message":"Listening on port 8092..."}
{"level":"info","message":"Connected to MongoDB..."}
{"level":"info","message":"Listening on port 8092..."}
{"level":"info","message":"Connected to MongoDB..."}
{"level":"info","message":"Listening on port 8092..."}
{"level":"info","message":"Connected to MongoDB..."}
{"level":"info","message":"Listening on port 8092..."}
{"level":"info","message":"Connected to MongoDB..."}
{"level":"info","message":"Listening on port 8092..."}
{"level":"info","message":"Connected to MongoDB..."}
{"level":"error","message":"Cannot read properties of undefined (reading '_id') Cannot read properties of undefined (reading '_id')","stack":"TypeError: Cannot read properties of undefined (reading '_id')\n    at C:\\Users\\rob_b\\source\\repos\\git\\financial-control-api\\routes\\users.js:9:45\n    at newFn (C:\\Users\\rob_b\\source\\repos\\git\\financial-control-api\\node_modules\\express-async-errors\\index.js:16:20)\n    at Layer.handle [as handle_request] (C:\\Users\\rob_b\\source\\repos\\git\\financial-control-api\\node_modules\\express\\lib\\router\\layer.js:95:5)\n    at next (C:\\Users\\rob_b\\source\\repos\\git\\financial-control-api\\node_modules\\express\\lib\\router\\route.js:144:13)\n    at Route.dispatch (C:\\Users\\rob_b\\source\\repos\\git\\financial-control-api\\node_modules\\express\\lib\\router\\route.js:114:3)\n    at newFn (C:\\Users\\rob_b\\source\\repos\\git\\financial-control-api\\node_modules\\express-async-errors\\index.js:16:20)\n    at Layer.handle [as handle_request] (C:\\Users\\rob_b\\source\\repos\\git\\financial-control-api\\node_modules\\express\\lib\\router\\layer.js:95:5)\n    at C:\\Users\\rob_b\\source\\repos\\git\\financial-control-api\\node_modules\\express\\lib\\router\\index.js:284:15\n    at Function.process_params (C:\\Users\\rob_b\\source\\repos\\git\\financial-control-api\\node_modules\\express\\lib\\router\\index.js:346:12)\n    at next (C:\\Users\\rob_b\\source\\repos\\git\\financial-control-api\\node_modules\\express\\lib\\router\\index.js:280:10)"}
{"level":"error","message":"Cannot read properties of undefined (reading '_id') Cannot read properties of undefined (reading '_id')","stack":"TypeError: Cannot read properties of undefined (reading '_id')\n    at C:\\Users\\rob_b\\source\\repos\\git\\financial-control-api\\routes\\users.js:9:45\n    at newFn (C:\\Users\\rob_b\\source\\repos\\git\\financial-control-api\\node_modules\\express-async-errors\\index.js:16:20)\n    at Layer.handle [as handle_request] (C:\\Users\\rob_b\\source\\repos\\git\\financial-control-api\\node_modules\\express\\lib\\router\\layer.js:95:5)\n    at next (C:\\Users\\rob_b\\source\\repos\\git\\financial-control-api\\node_modules\\express\\lib\\router\\route.js:144:13)\n    at Route.dispatch (C:\\Users\\rob_b\\source\\repos\\git\\financial-control-api\\node_modules\\express\\lib\\router\\route.js:114:3)\n    at newFn (C:\\Users\\rob_b\\source\\repos\\git\\financial-control-api\\node_modules\\express-async-errors\\index.js:16:20)\n    at Layer.handle [as handle_request] (C:\\Users\\rob_b\\source\\repos\\git\\financial-control-api\\node_modules\\express\\lib\\router\\layer.js:95:5)\n    at C:\\Users\\rob_b\\source\\repos\\git\\financial-control-api\\node_modules\\express\\lib\\router\\index.js:284:15\n    at Function.process_params (C:\\Users\\rob_b\\source\\repos\\git\\financial-control-api\\node_modules\\express\\lib\\router\\index.js:346:12)\n    at next (C:\\Users\\rob_b\\source\\repos\\git\\financial-control-api\\node_modules\\express\\lib\\router\\index.js:280:10)"}
{"level":"info","message":"Listening on port 8092..."}
{"level":"info","message":"Connected to MongoDB..."}
{"level":"error","message":"Cannot read properties of undefined (reading '_id') Cannot read properties of undefined (reading '_id')","stack":"TypeError: Cannot read properties of undefined (reading '_id')\n    at C:\\Users\\rob_b\\source\\repos\\git\\financial-control-api\\routes\\users.js:9:45\n    at newFn (C:\\Users\\rob_b\\source\\repos\\git\\financial-control-api\\node_modules\\express-async-errors\\index.js:16:20)\n    at Layer.handle [as handle_request] (C:\\Users\\rob_b\\source\\repos\\git\\financial-control-api\\node_modules\\express\\lib\\router\\layer.js:95:5)\n    at next (C:\\Users\\rob_b\\source\\repos\\git\\financial-control-api\\node_modules\\express\\lib\\router\\route.js:144:13)\n    at Route.dispatch (C:\\Users\\rob_b\\source\\repos\\git\\financial-control-api\\node_modules\\express\\lib\\router\\route.js:114:3)\n    at newFn (C:\\Users\\rob_b\\source\\repos\\git\\financial-control-api\\node_modules\\express-async-errors\\index.js:16:20)\n    at Layer.handle [as handle_request] (C:\\Users\\rob_b\\source\\repos\\git\\financial-control-api\\node_modules\\express\\lib\\router\\layer.js:95:5)\n    at C:\\Users\\rob_b\\source\\repos\\git\\financial-control-api\\node_modules\\express\\lib\\router\\index.js:284:15\n    at Function.process_params (C:\\Users\\rob_b\\source\\repos\\git\\financial-control-api\\node_modules\\express\\lib\\router\\index.js:346:12)\n    at next (C:\\Users\\rob_b\\source\\repos\\git\\financial-control-api\\node_modules\\express\\lib\\router\\index.js:280:10)"}
{"level":"error","message":"Cannot read properties of undefined (reading '_id') Cannot read properties of undefined (reading '_id')","stack":"TypeError: Cannot read properties of undefined (reading '_id')\n    at C:\\Users\\rob_b\\source\\repos\\git\\financial-control-api\\routes\\users.js:9:45\n    at newFn (C:\\Users\\rob_b\\source\\repos\\git\\financial-control-api\\node_modules\\express-async-errors\\index.js:16:20)\n    at Layer.handle [as handle_request] (C:\\Users\\rob_b\\source\\repos\\git\\financial-control-api\\node_modules\\express\\lib\\router\\layer.js:95:5)\n    at next (C:\\Users\\rob_b\\source\\repos\\git\\financial-control-api\\node_modules\\express\\lib\\router\\route.js:144:13)\n    at Route.dispatch (C:\\Users\\rob_b\\source\\repos\\git\\financial-control-api\\node_modules\\express\\lib\\router\\route.js:114:3)\n    at newFn (C:\\Users\\rob_b\\source\\repos\\git\\financial-control-api\\node_modules\\express-async-errors\\index.js:16:20)\n    at Layer.handle [as handle_request] (C:\\Users\\rob_b\\source\\repos\\git\\financial-control-api\\node_modules\\express\\lib\\router\\layer.js:95:5)\n    at C:\\Users\\rob_b\\source\\repos\\git\\financial-control-api\\node_modules\\express\\lib\\router\\index.js:284:15\n    at Function.process_params (C:\\Users\\rob_b\\source\\repos\\git\\financial-control-api\\node_modules\\express\\lib\\router\\index.js:346:12)\n    at next (C:\\Users\\rob_b\\source\\repos\\git\\financial-control-api\\node_modules\\express\\lib\\router\\index.js:280:10)"}
{"level":"error","message":"Cannot read properties of undefined (reading '_id') Cannot read properties of undefined (reading '_id')","stack":"TypeError: Cannot read properties of undefined (reading '_id')\n    at C:\\Users\\rob_b\\source\\repos\\git\\financial-control-api\\routes\\users.js:9:45\n    at newFn (C:\\Users\\rob_b\\source\\repos\\git\\financial-control-api\\node_modules\\express-async-errors\\index.js:16:20)\n    at Layer.handle [as handle_request] (C:\\Users\\rob_b\\source\\repos\\git\\financial-control-api\\node_modules\\express\\lib\\router\\layer.js:95:5)\n    at next (C:\\Users\\rob_b\\source\\repos\\git\\financial-control-api\\node_modules\\express\\lib\\router\\route.js:144:13)\n    at Route.dispatch (C:\\Users\\rob_b\\source\\repos\\git\\financial-control-api\\node_modules\\express\\lib\\router\\route.js:114:3)\n    at newFn (C:\\Users\\rob_b\\source\\repos\\git\\financial-control-api\\node_modules\\express-async-errors\\index.js:16:20)\n    at Layer.handle [as handle_request] (C:\\Users\\rob_b\\source\\repos\\git\\financial-control-api\\node_modules\\express\\lib\\router\\layer.js:95:5)\n    at C:\\Users\\rob_b\\source\\repos\\git\\financial-control-api\\node_modules\\express\\lib\\router\\index.js:284:15\n    at Function.process_params (C:\\Users\\rob_b\\source\\repos\\git\\financial-control-api\\node_modules\\express\\lib\\router\\index.js:346:12)\n    at next (C:\\Users\\rob_b\\source\\repos\\git\\financial-control-api\\node_modules\\express\\lib\\router\\index.js:280:10)"}
{"level":"info","message":"Listening on port 8092..."}
{"level":"info","message":"Connected to MongoDB..."}
{"level":"error","message":"Joi.validate is not a function Joi.validate is not a function","stack":"TypeError: Joi.validate is not a function\n    at validateUser (C:\\Users\\rob_b\\source\\repos\\git\\financial-control-api\\models\\user.js:45:14)\n    at C:\\Users\\rob_b\\source\\repos\\git\\financial-control-api\\routes\\users.js:14:21\n    at newFn (C:\\Users\\rob_b\\source\\repos\\git\\financial-control-api\\node_modules\\express-async-errors\\index.js:16:20)\n    at Layer.handle [as handle_request] (C:\\Users\\rob_b\\source\\repos\\git\\financial-control-api\\node_modules\\express\\lib\\router\\layer.js:95:5)\n    at next (C:\\Users\\rob_b\\source\\repos\\git\\financial-control-api\\node_modules\\express\\lib\\router\\route.js:144:13)\n    at Route.dispatch (C:\\Users\\rob_b\\source\\repos\\git\\financial-control-api\\node_modules\\express\\lib\\router\\route.js:114:3)\n    at newFn (C:\\Users\\rob_b\\source\\repos\\git\\financial-control-api\\node_modules\\express-async-errors\\index.js:16:20)\n    at Layer.handle [as handle_request] (C:\\Users\\rob_b\\source\\repos\\git\\financial-control-api\\node_modules\\express\\lib\\router\\layer.js:95:5)\n    at C:\\Users\\rob_b\\source\\repos\\git\\financial-control-api\\node_modules\\express\\lib\\router\\index.js:284:15\n    at Function.process_params (C:\\Users\\rob_b\\source\\repos\\git\\financial-control-api\\node_modules\\express\\lib\\router\\index.js:346:12)"}
{"level":"info","message":"Listening on port 8092..."}
{"level":"info","message":"Connected to MongoDB..."}
{"level":"error","message":"schema.validate is not a function schema.validate is not a function","stack":"TypeError: schema.validate is not a function\n    at validateUser (C:\\Users\\rob_b\\source\\repos\\git\\financial-control-api\\models\\user.js:45:17)\n    at C:\\Users\\rob_b\\source\\repos\\git\\financial-control-api\\routes\\users.js:14:21\n    at newFn (C:\\Users\\rob_b\\source\\repos\\git\\financial-control-api\\node_modules\\express-async-errors\\index.js:16:20)\n    at Layer.handle [as handle_request] (C:\\Users\\rob_b\\source\\repos\\git\\financial-control-api\\node_modules\\express\\lib\\router\\layer.js:95:5)\n    at next (C:\\Users\\rob_b\\source\\repos\\git\\financial-control-api\\node_modules\\express\\lib\\router\\route.js:144:13)\n    at Route.dispatch (C:\\Users\\rob_b\\source\\repos\\git\\financial-control-api\\node_modules\\express\\lib\\router\\route.js:114:3)\n    at newFn (C:\\Users\\rob_b\\source\\repos\\git\\financial-control-api\\node_modules\\express-async-errors\\index.js:16:20)\n    at Layer.handle [as handle_request] (C:\\Users\\rob_b\\source\\repos\\git\\financial-control-api\\node_modules\\express\\lib\\router\\layer.js:95:5)\n    at C:\\Users\\rob_b\\source\\repos\\git\\financial-control-api\\node_modules\\express\\lib\\router\\index.js:284:15\n    at Function.process_params (C:\\Users\\rob_b\\source\\repos\\git\\financial-control-api\\node_modules\\express\\lib\\router\\index.js:346:12)"}
{"level":"info","message":"Listening on port 8092..."}
{"level":"info","message":"Connected to MongoDB..."}
{"_message":"User validation failed","errors":{"name":{"kind":"minlength","message":"Path `name` (`TEST`) is shorter than the minimum allowed length (5).","name":"ValidatorError","path":"name","properties":{"message":"Path `name` (`TEST`) is shorter than the minimum allowed length (5).","minlength":5,"path":"name","type":"minlength","value":"TEST"},"value":"TEST"}},"level":"error","message":"User validation failed: name: Path `name` (`TEST`) is shorter than the minimum allowed length (5). User validation failed: name: Path `name` (`TEST`) is shorter than the minimum allowed length (5).","stack":"ValidationError: User validation failed: name: Path `name` (`TEST`) is shorter than the minimum allowed length (5).\n    at Document.invalidate (C:\\Users\\rob_b\\source\\repos\\git\\financial-control-api\\node_modules\\mongoose\\lib\\document.js:3081:32)\n    at C:\\Users\\rob_b\\source\\repos\\git\\financial-control-api\\node_modules\\mongoose\\lib\\document.js:2869:17\n    at C:\\Users\\rob_b\\source\\repos\\git\\financial-control-api\\node_modules\\mongoose\\lib\\schematype.js:1350:9\n    at process.processTicksAndRejections (node:internal/process/task_queues:77:11)"}
{"code":13297,"index":0,"level":"error","message":"db already exists with different case already have: [test] trying to create [Test] db already exists with different case already have: [test] trying to create [Test]","stack":"MongoServerError: db already exists with different case already have: [test] trying to create [Test]\n    at C:\\Users\\rob_b\\source\\repos\\git\\financial-control-api\\node_modules\\mongodb\\lib\\operations\\insert.js:50:33\n    at C:\\Users\\rob_b\\source\\repos\\git\\financial-control-api\\node_modules\\mongodb\\lib\\cmap\\connection_pool.js:327:25\n    at C:\\Users\\rob_b\\source\\repos\\git\\financial-control-api\\node_modules\\mongodb\\lib\\sdam\\server.js:207:17\n    at handleOperationResult (C:\\Users\\rob_b\\source\\repos\\git\\financial-control-api\\node_modules\\mongodb\\lib\\sdam\\server.js:323:20)\n    at Connection.onMessage (C:\\Users\\rob_b\\source\\repos\\git\\financial-control-api\\node_modules\\mongodb\\lib\\cmap\\connection.js:213:9)\n    at MessageStream.<anonymous> (C:\\Users\\rob_b\\source\\repos\\git\\financial-control-api\\node_modules\\mongodb\\lib\\cmap\\connection.js:59:60)\n    at MessageStream.emit (node:events:512:28)\n    at processIncomingData (C:\\Users\\rob_b\\source\\repos\\git\\financial-control-api\\node_modules\\mongodb\\lib\\cmap\\message_stream.js:124:16)\n    at MessageStream._write (C:\\Users\\rob_b\\source\\repos\\git\\financial-control-api\\node_modules\\mongodb\\lib\\cmap\\message_stream.js:33:9)\n    at writeOrBuffer (node:internal/streams/writable:392:12)"}
{"level":"info","message":"Listening on port 8092..."}
{"level":"info","message":"Connected to MongoDB..."}
{"level":"info","message":"Listening on port 8092..."}
{"level":"info","message":"Connected to MongoDB..."}
{"level":"info","message":"Listening on port 8092..."}
{"level":"info","message":"Connected to MongoDB..."}
{"level":"info","message":"Listening on port 8092..."}
{"level":"info","message":"Connected to MongoDB..."}
{"level":"info","message":"Listening on port 8092..."}
{"level":"info","message":"Connected to MongoDB..."}
{"level":"info","message":"Listening on port 8092..."}
{"level":"info","message":"Connected to MongoDB..."}
{"level":"info","message":"Listening on port 8092..."}
{"level":"info","message":"Connected to MongoDB..."}
{"level":"info","message":"Listening on port 8092..."}
{"level":"info","message":"Connected to MongoDB..."}
{"level":"info","message":"Listening on port 8092..."}
{"level":"info","message":"Connected to MongoDB..."}
{"level":"info","message":"Listening on port 8092..."}
{"level":"info","message":"Connected to MongoDB..."}
{"level":"info","message":"Listening on port 8092..."}
{"level":"info","message":"Connected to MongoDB..."}
{"level":"info","message":"Listening on port 8092..."}
{"level":"info","message":"Connected to MongoDB..."}
{"level":"info","message":"Listening on port 8092..."}
{"level":"info","message":"Connected to MongoDB..."}
{"level":"info","message":"Listening on port 8092..."}
{"level":"info","message":"Connected to MongoDB..."}
{"level":"info","message":"Listening on port 8092..."}
{"level":"info","message":"Connected to MongoDB..."}
{"level":"info","message":"Listening on port 8092..."}
{"level":"info","message":"Connected to MongoDB..."}
{"level":"info","message":"Listening on port 8092..."}
{"level":"info","message":"Connected to MongoDB..."}
{"level":"info","message":"Listening on port 8092..."}
{"level":"info","message":"Connected to MongoDB..."}
{"level":"info","message":"Listening on port 8092..."}
{"level":"info","message":"Connected to MongoDB..."}
{"level":"info","message":"Listening on port 8092..."}
{"level":"info","message":"Connected to MongoDB..."}
{"level":"info","message":"Listening on port 8092..."}
{"level":"info","message":"Connected to MongoDB..."}
{"level":"info","message":"Listening on port 8092..."}
{"level":"info","message":"Connected to MongoDB..."}
{"level":"info","message":"Listening on port 8092..."}
{"level":"info","message":"Connected to MongoDB..."}
{"level":"info","message":"Listening on port 8092..."}
{"level":"info","message":"Connected to MongoDB..."}
{"level":"info","message":"Listening on port 8092..."}
{"level":"info","message":"Connected to MongoDB..."}
{"level":"info","message":"Listening on port 3000..."}
{"level":"info","message":"Connected to MongoDB..."}
{"level":"info","message":"Listening on port 3000..."}
{"level":"info","message":"Connected to MongoDB..."}
{"level":"info","message":"Listening on port 3000..."}
{"level":"info","message":"Connected to MongoDB..."}
{"level":"info","message":"Listening on port 3000..."}
{"level":"info","message":"Connected to MongoDB..."}
{"level":"info","message":"Listening on port 3000..."}
{"level":"info","message":"Connected to MongoDB..."}
{"level":"info","message":"Listening on port 3000..."}
{"level":"info","message":"Connected to MongoDB..."}
{"level":"info","message":"Listening on port 3000..."}
{"level":"info","message":"Connected to MongoDB..."}
{"level":"info","message":"Listening on port 3000..."}
{"level":"info","message":"Connected to MongoDB..."}
{"_message":"Organisation validation failed","errors":{"descripton":{"kind":"minlength","message":"Path `descripton` (`SEDE`) is shorter than the minimum allowed length (5).","name":"ValidatorError","path":"descripton","properties":{"message":"Path `descripton` (`SEDE`) is shorter than the minimum allowed length (5).","minlength":5,"path":"descripton","type":"minlength","value":"SEDE"},"value":"SEDE"},"name":{"kind":"minlength","message":"Path `name` (`SEDE`) is shorter than the minimum allowed length (5).","name":"ValidatorError","path":"name","properties":{"message":"Path `name` (`SEDE`) is shorter than the minimum allowed length (5).","minlength":5,"path":"name","type":"minlength","value":"SEDE"},"value":"SEDE"}},"level":"error","message":"Organisation validation failed: name: Path `name` (`SEDE`) is shorter than the minimum allowed length (5)., descripton: Path `descripton` (`SEDE`) is shorter than the minimum allowed length (5). Organisation validation failed: name: Path `name` (`SEDE`) is shorter than the minimum allowed length (5)., descripton: Path `descripton` (`SEDE`) is shorter than the minimum allowed length (5).","stack":"ValidationError: Organisation validation failed: name: Path `name` (`SEDE`) is shorter than the minimum allowed length (5)., descripton: Path `descripton` (`SEDE`) is shorter than the minimum allowed length (5).\n    at Document.invalidate (C:\\Users\\rob_b\\source\\repos\\git\\financial-control-api\\node_modules\\mongoose\\lib\\document.js:3081:32)\n    at C:\\Users\\rob_b\\source\\repos\\git\\financial-control-api\\node_modules\\mongoose\\lib\\document.js:2869:17\n    at C:\\Users\\rob_b\\source\\repos\\git\\financial-control-api\\node_modules\\mongoose\\lib\\schematype.js:1350:9\n    at process.processTicksAndRejections (node:internal/process/task_queues:77:11)"}
{"_message":"Organisation validation failed","errors":{"name":{"kind":"minlength","message":"Path `name` (`SEDE`) is shorter than the minimum allowed length (5).","name":"ValidatorError","path":"name","properties":{"message":"Path `name` (`SEDE`) is shorter than the minimum allowed length (5).","minlength":5,"path":"name","type":"minlength","value":"SEDE"},"value":"SEDE"}},"level":"error","message":"Organisation validation failed: name: Path `name` (`SEDE`) is shorter than the minimum allowed length (5). Organisation validation failed: name: Path `name` (`SEDE`) is shorter than the minimum allowed length (5).","stack":"ValidationError: Organisation validation failed: name: Path `name` (`SEDE`) is shorter than the minimum allowed length (5).\n    at Document.invalidate (C:\\Users\\rob_b\\source\\repos\\git\\financial-control-api\\node_modules\\mongoose\\lib\\document.js:3081:32)\n    at C:\\Users\\rob_b\\source\\repos\\git\\financial-control-api\\node_modules\\mongoose\\lib\\document.js:2869:17\n    at C:\\Users\\rob_b\\source\\repos\\git\\financial-control-api\\node_modules\\mongoose\\lib\\schematype.js:1350:9\n    at process.processTicksAndRejections (node:internal/process/task_queues:77:11)"}
{"level":"info","message":"Listening on port 3000..."}
{"level":"info","message":"Connected to MongoDB..."}
{"level":"info","message":"Listening on port 3000..."}
{"level":"info","message":"Connected to MongoDB..."}
{"level":"info","message":"Listening on port 3000..."}
{"level":"info","message":"Connected to MongoDB..."}
{"level":"info","message":"Listening on port 3000..."}
{"level":"info","message":"Connected to MongoDB..."}
{"level":"info","message":"Listening on port 3000..."}
{"level":"info","message":"Connected to MongoDB..."}
{"level":"info","message":"Listening on port 3000..."}
{"level":"info","message":"Connected to MongoDB..."}
{"level":"info","message":"Listening on port 3000..."}
{"level":"info","message":"Connected to MongoDB..."}
{"level":"info","message":"Listening on port 3000..."}
{"level":"info","message":"Connected to MongoDB..."}
{"level":"info","message":"Listening on port 3000..."}
{"level":"info","message":"Connected to MongoDB..."}
{"level":"info","message":"Listening on port 3000..."}
{"level":"info","message":"Connected to MongoDB..."}
{"level":"info","message":"Listening on port 3000..."}
{"level":"info","message":"Connected to MongoDB..."}
{"level":"info","message":"Listening on port 3000..."}
{"level":"info","message":"Connected to MongoDB..."}
{"level":"info","message":"Listening on port 3000..."}
{"level":"info","message":"Connected to MongoDB..."}
{"level":"info","message":"Listening on port 3000..."}
{"level":"info","message":"Connected to MongoDB..."}
{"level":"info","message":"Listening on port 3000..."}
{"level":"info","message":"Connected to MongoDB..."}
{"level":"info","message":"Listening on port 3000..."}
{"level":"info","message":"Connected to MongoDB..."}
{"level":"info","message":"Listening on port 3000..."}
{"level":"info","message":"Connected to MongoDB..."}
{"level":"info","message":"Listening on port 3000..."}
{"level":"info","message":"Connected to MongoDB..."}
{"level":"info","message":"Listening on port 3000..."}
{"level":"info","message":"Connected to MongoDB..."}
{"level":"info","message":"Listening on port 3000..."}
{"level":"info","message":"Connected to MongoDB..."}
{"level":"info","message":"Listening on port 3000..."}
{"level":"info","message":"Connected to MongoDB..."}
{"level":"info","message":"Listening on port 3000..."}
{"level":"info","message":"Connected to MongoDB..."}
{"level":"info","message":"Listening on port 3000..."}
{"level":"info","message":"Connected to MongoDB..."}
{"level":"info","message":"Listening on port 3000..."}
{"level":"info","message":"Connected to MongoDB..."}
{"level":"info","message":"Listening on port 3000..."}
{"level":"info","message":"Connected to MongoDB..."}
{"level":"info","message":"Listening on port 3000..."}
{"level":"info","message":"Connected to MongoDB..."}
{"level":"info","message":"Listening on port 3000..."}
{"level":"info","message":"Connected to MongoDB..."}
{"level":"info","message":"Listening on port 3000..."}
{"level":"info","message":"Connected to MongoDB..."}
{"level":"info","message":"Listening on port 3000..."}
{"level":"info","message":"Connected to MongoDB..."}
{"level":"info","message":"Listening on port 3000..."}
{"level":"info","message":"Connected to MongoDB..."}
{"level":"info","message":"Listening on port 3000..."}
{"level":"info","message":"Connected to MongoDB..."}
{"level":"info","message":"Listening on port 3000..."}
{"level":"info","message":"Connected to MongoDB..."}
{"level":"info","message":"Listening on port 3000..."}
{"level":"info","message":"Connected to MongoDB..."}
{"level":"info","message":"Listening on port 3000..."}
{"level":"info","message":"Connected to MongoDB..."}
{"level":"info","message":"Listening on port 3000..."}
{"level":"info","message":"Connected to MongoDB..."}
{"level":"info","message":"Listening on port 3000..."}
{"level":"info","message":"Connected to MongoDB..."}
{"level":"info","message":"Listening on port 3000..."}
{"level":"info","message":"Connected to MongoDB..."}
{"level":"info","message":"Listening on port 3000..."}
{"level":"info","message":"Connected to MongoDB..."}
{"level":"info","message":"Listening on port 3000..."}
{"level":"info","message":"Connected to MongoDB..."}
{"level":"info","message":"Listening on port 3000..."}
{"level":"info","message":"Connected to MongoDB..."}
{"level":"info","message":"Listening on port 3000..."}
{"level":"info","message":"Connected to MongoDB..."}
{"level":"info","message":"Listening on port 3000..."}
{"level":"info","message":"Connected to MongoDB..."}
{"level":"info","message":"Listening on port 3000..."}
{"level":"info","message":"Connected to MongoDB..."}
{"level":"info","message":"Listening on port 3000..."}
{"level":"info","message":"Connected to MongoDB..."}
{"level":"info","message":"Listening on port 3000..."}
{"level":"info","message":"Connected to MongoDB..."}
{"level":"info","message":"Listening on port 3000..."}
{"level":"info","message":"Connected to MongoDB..."}
{"level":"info","message":"Listening on port 3000..."}
{"level":"info","message":"Connected to MongoDB..."}
{"level":"info","message":"Listening on port 3000..."}
{"level":"info","message":"Connected to MongoDB..."}
{"level":"info","message":"Listening on port 3000..."}
{"level":"info","message":"Connected to MongoDB..."}
{"level":"info","message":"Listening on port 3000..."}
{"level":"info","message":"Connected to MongoDB..."}
{"level":"info","message":"Listening on port 3000..."}
{"level":"info","message":"Connected to MongoDB..."}
{"level":"info","message":"Listening on port 3000..."}
{"level":"info","message":"Connected to MongoDB..."}
{"level":"info","message":"Listening on port 3000..."}
{"level":"info","message":"Connected to MongoDB..."}
{"level":"info","message":"Listening on port 3000..."}
{"level":"info","message":"Connected to MongoDB..."}
{"level":"info","message":"Listening on port 3000..."}
{"level":"info","message":"Connected to MongoDB..."}
{"level":"info","message":"Listening on port 3000..."}
{"level":"info","message":"Connected to MongoDB..."}
{"level":"info","message":"Listening on port 3000..."}
{"level":"info","message":"Connected to MongoDB..."}
{"level":"info","message":"Listening on port 3000..."}
{"level":"info","message":"Connected to MongoDB..."}
{"level":"info","message":"Listening on port 3000..."}
{"level":"info","message":"Connected to MongoDB..."}
{"level":"info","message":"Listening on port 3000..."}
{"level":"info","message":"Connected to MongoDB..."}
{"level":"info","message":"Listening on port 3000..."}
{"level":"info","message":"Connected to MongoDB..."}
{"level":"info","message":"Listening on port 3000..."}
{"level":"info","message":"Connected to MongoDB..."}
{"level":"info","message":"Listening on port 3000..."}
{"level":"info","message":"Listening on port 3000..."}
{"level":"info","message":"Connected to MongoDB..."}
{"level":"info","message":"Listening on port 3000..."}
{"level":"info","message":"Listening on port 3000..."}
{"level":"info","message":"Connected to MongoDB..."}
{"level":"info","message":"Listening on port 3000..."}
{"level":"info","message":"Connected to MongoDB..."}
{"level":"info","message":"Connected to MongoDB..."}
{"level":"info","message":"Listening on port 3000..."}
{"level":"info","message":"Connected to MongoDB..."}
{"level":"info","message":"Listening on port 3000..."}
{"level":"info","message":"Connected to MongoDB..."}
{"level":"info","message":"Listening on port 3000..."}
{"level":"info","message":"Connected to MongoDB..."}
{"_message":"Organisation validation failed","errors":{"descripton":{"kind":"minlength","message":"Path `descripton` (`OSEC`) is shorter than the minimum allowed length (5).","name":"ValidatorError","path":"descripton","properties":{"message":"Path `descripton` (`OSEC`) is shorter than the minimum allowed length (5).","minlength":5,"path":"descripton","type":"minlength","value":"OSEC"},"value":"OSEC"},"name":{"kind":"minlength","message":"Path `name` (`OSEC`) is shorter than the minimum allowed length (5).","name":"ValidatorError","path":"name","properties":{"message":"Path `name` (`OSEC`) is shorter than the minimum allowed length (5).","minlength":5,"path":"name","type":"minlength","value":"OSEC"},"value":"OSEC"}},"level":"error","message":"Organisation validation failed: name: Path `name` (`OSEC`) is shorter than the minimum allowed length (5)., descripton: Path `descripton` (`OSEC`) is shorter than the minimum allowed length (5). Organisation validation failed: name: Path `name` (`OSEC`) is shorter than the minimum allowed length (5)., descripton: Path `descripton` (`OSEC`) is shorter than the minimum allowed length (5).","stack":"ValidationError: Organisation validation failed: name: Path `name` (`OSEC`) is shorter than the minimum allowed length (5)., descripton: Path `descripton` (`OSEC`) is shorter than the minimum allowed length (5).\n    at Document.invalidate (C:\\Users\\rob_b\\source\\repos\\git\\financial-control-api\\node_modules\\mongoose\\lib\\document.js:3081:32)\n    at C:\\Users\\rob_b\\source\\repos\\git\\financial-control-api\\node_modules\\mongoose\\lib\\document.js:2869:17\n    at C:\\Users\\rob_b\\source\\repos\\git\\financial-control-api\\node_modules\\mongoose\\lib\\schematype.js:1350:9\n    at process.processTicksAndRejections (node:internal/process/task_queues:77:11)"}
{"_message":"Organisation validation failed","errors":{"descripton":{"kind":"minlength","message":"Path `descripton` (`OSEC`) is shorter than the minimum allowed length (5).","name":"ValidatorError","path":"descripton","properties":{"message":"Path `descripton` (`OSEC`) is shorter than the minimum allowed length (5).","minlength":5,"path":"descripton","type":"minlength","value":"OSEC"},"value":"OSEC"},"name":{"kind":"minlength","message":"Path `name` (`OSEC`) is shorter than the minimum allowed length (5).","name":"ValidatorError","path":"name","properties":{"message":"Path `name` (`OSEC`) is shorter than the minimum allowed length (5).","minlength":5,"path":"name","type":"minlength","value":"OSEC"},"value":"OSEC"}},"level":"error","message":"Organisation validation failed: name: Path `name` (`OSEC`) is shorter than the minimum allowed length (5)., descripton: Path `descripton` (`OSEC`) is shorter than the minimum allowed length (5). Organisation validation failed: name: Path `name` (`OSEC`) is shorter than the minimum allowed length (5)., descripton: Path `descripton` (`OSEC`) is shorter than the minimum allowed length (5).","stack":"ValidationError: Organisation validation failed: name: Path `name` (`OSEC`) is shorter than the minimum allowed length (5)., descripton: Path `descripton` (`OSEC`) is shorter than the minimum allowed length (5).\n    at Document.invalidate (C:\\Users\\rob_b\\source\\repos\\git\\financial-control-api\\node_modules\\mongoose\\lib\\document.js:3081:32)\n    at C:\\Users\\rob_b\\source\\repos\\git\\financial-control-api\\node_modules\\mongoose\\lib\\document.js:2869:17\n    at C:\\Users\\rob_b\\source\\repos\\git\\financial-control-api\\node_modules\\mongoose\\lib\\schematype.js:1350:9\n    at process.processTicksAndRejections (node:internal/process/task_queues:77:11)"}
{"level":"info","message":"Listening on port 3000..."}
{"level":"info","message":"Connected to MongoDB..."}
{"level":"info","message":"Listening on port 3000..."}
{"level":"info","message":"Connected to MongoDB..."}
{"level":"error","message":"getaddrinfo ENOTFOUND cluster0-shard-00-00.gopw3.mongodb.net getaddrinfo ENOTFOUND cluster0-shard-00-00.gopw3.mongodb.net","reason":{"commonWireVersion":0,"compatible":true,"heartbeatFrequencyMS":10000,"localThresholdMS":15,"logicalSessionTimeoutMinutes":null,"maxElectionId":"7fffffff00000000000000a1","maxSetVersion":7,"servers":{},"setName":"Cluster0-shard-0","stale":false,"type":"ReplicaSetNoPrimary"},"stack":"MongoServerSelectionError: getaddrinfo ENOTFOUND cluster0-shard-00-00.gopw3.mongodb.net\n    at Timeout._onTimeout (C:\\Users\\rob_b\\source\\repos\\git\\financial-control-api\\node_modules\\mongodb\\lib\\sdam\\topology.js:277:38)\n    at listOnTimeout (node:internal/timers:568:17)\n    at process.processTimers (node:internal/timers:511:7)"}
{"level":"error","message":"getaddrinfo ENOTFOUND cluster0-shard-00-00.gopw3.mongodb.net getaddrinfo ENOTFOUND cluster0-shard-00-00.gopw3.mongodb.net","reason":{"commonWireVersion":0,"compatible":true,"heartbeatFrequencyMS":10000,"localThresholdMS":15,"logicalSessionTimeoutMinutes":null,"maxElectionId":"7fffffff00000000000000a1","maxSetVersion":7,"servers":{},"setName":"Cluster0-shard-0","stale":false,"type":"ReplicaSetNoPrimary"},"stack":"MongoServerSelectionError: getaddrinfo ENOTFOUND cluster0-shard-00-00.gopw3.mongodb.net\n    at Timeout._onTimeout (C:\\Users\\rob_b\\source\\repos\\git\\financial-control-api\\node_modules\\mongodb\\lib\\sdam\\topology.js:277:38)\n    at listOnTimeout (node:internal/timers:568:17)\n    at process.processTimers (node:internal/timers:511:7)"}
{"level":"error","message":"getaddrinfo ENOTFOUND cluster0-shard-00-00.gopw3.mongodb.net getaddrinfo ENOTFOUND cluster0-shard-00-00.gopw3.mongodb.net","reason":{"commonWireVersion":0,"compatible":true,"heartbeatFrequencyMS":10000,"localThresholdMS":15,"logicalSessionTimeoutMinutes":null,"maxElectionId":"7fffffff00000000000000a1","maxSetVersion":7,"servers":{},"setName":"Cluster0-shard-0","stale":false,"type":"ReplicaSetNoPrimary"},"stack":"MongoServerSelectionError: getaddrinfo ENOTFOUND cluster0-shard-00-00.gopw3.mongodb.net\n    at Timeout._onTimeout (C:\\Users\\rob_b\\source\\repos\\git\\financial-control-api\\node_modules\\mongodb\\lib\\sdam\\topology.js:277:38)\n    at listOnTimeout (node:internal/timers:568:17)\n    at process.processTimers (node:internal/timers:511:7)"}
{"level":"error","message":"getaddrinfo ENOTFOUND cluster0-shard-00-00.gopw3.mongodb.net getaddrinfo ENOTFOUND cluster0-shard-00-00.gopw3.mongodb.net","reason":{"commonWireVersion":0,"compatible":true,"heartbeatFrequencyMS":10000,"localThresholdMS":15,"logicalSessionTimeoutMinutes":null,"maxElectionId":"7fffffff00000000000000a1","maxSetVersion":7,"servers":{},"setName":"Cluster0-shard-0","stale":false,"type":"ReplicaSetNoPrimary"},"stack":"MongoServerSelectionError: getaddrinfo ENOTFOUND cluster0-shard-00-00.gopw3.mongodb.net\n    at Timeout._onTimeout (C:\\Users\\rob_b\\source\\repos\\git\\financial-control-api\\node_modules\\mongodb\\lib\\sdam\\topology.js:277:38)\n    at listOnTimeout (node:internal/timers:568:17)\n    at process.processTimers (node:internal/timers:511:7)"}
{"level":"error","message":"connect ETIMEDOUT 3.208.191.7:27017 connect ETIMEDOUT 3.208.191.7:27017","reason":{"commonWireVersion":0,"compatible":true,"heartbeatFrequencyMS":10000,"localThresholdMS":15,"logicalSessionTimeoutMinutes":null,"maxElectionId":"7fffffff00000000000000a1","maxSetVersion":7,"servers":{},"setName":"Cluster0-shard-0","stale":false,"type":"ReplicaSetNoPrimary"},"stack":"MongoServerSelectionError: connect ETIMEDOUT 3.208.191.7:27017\n    at Timeout._onTimeout (C:\\Users\\rob_b\\source\\repos\\git\\financial-control-api\\node_modules\\mongodb\\lib\\sdam\\topology.js:277:38)\n    at listOnTimeout (node:internal/timers:568:17)\n    at process.processTimers (node:internal/timers:511:7)"}
{"level":"error","message":"connect ETIMEDOUT 3.208.191.7:27017 connect ETIMEDOUT 3.208.191.7:27017","reason":{"commonWireVersion":0,"compatible":true,"heartbeatFrequencyMS":10000,"localThresholdMS":15,"logicalSessionTimeoutMinutes":null,"maxElectionId":"7fffffff00000000000000a1","maxSetVersion":7,"servers":{},"setName":"Cluster0-shard-0","stale":false,"type":"ReplicaSetNoPrimary"},"stack":"MongoServerSelectionError: connect ETIMEDOUT 3.208.191.7:27017\n    at Timeout._onTimeout (C:\\Users\\rob_b\\source\\repos\\git\\financial-control-api\\node_modules\\mongodb\\lib\\sdam\\topology.js:277:38)\n    at listOnTimeout (node:internal/timers:568:17)\n    at process.processTimers (node:internal/timers:511:7)"}
{"level":"error","message":"connect ETIMEDOUT 3.208.191.7:27017 connect ETIMEDOUT 3.208.191.7:27017","reason":{"commonWireVersion":0,"compatible":true,"heartbeatFrequencyMS":10000,"localThresholdMS":15,"logicalSessionTimeoutMinutes":null,"maxElectionId":"7fffffff00000000000000a1","maxSetVersion":7,"servers":{},"setName":"Cluster0-shard-0","stale":false,"type":"ReplicaSetNoPrimary"},"stack":"MongoServerSelectionError: connect ETIMEDOUT 3.208.191.7:27017\n    at Timeout._onTimeout (C:\\Users\\rob_b\\source\\repos\\git\\financial-control-api\\node_modules\\mongodb\\lib\\sdam\\topology.js:277:38)\n    at listOnTimeout (node:internal/timers:568:17)\n    at process.processTimers (node:internal/timers:511:7)"}
{"level":"error","message":"connect ETIMEDOUT 3.208.191.7:27017 connect ETIMEDOUT 3.208.191.7:27017","reason":{"commonWireVersion":0,"compatible":true,"heartbeatFrequencyMS":10000,"localThresholdMS":15,"logicalSessionTimeoutMinutes":null,"maxElectionId":"7fffffff00000000000000a1","maxSetVersion":7,"servers":{},"setName":"Cluster0-shard-0","stale":false,"type":"ReplicaSetNoPrimary"},"stack":"MongoServerSelectionError: connect ETIMEDOUT 3.208.191.7:27017\n    at Timeout._onTimeout (C:\\Users\\rob_b\\source\\repos\\git\\financial-control-api\\node_modules\\mongodb\\lib\\sdam\\topology.js:277:38)\n    at listOnTimeout (node:internal/timers:568:17)\n    at process.processTimers (node:internal/timers:511:7)"}
{"level":"error","message":"connect ETIMEDOUT 3.208.191.7:27017 connect ETIMEDOUT 3.208.191.7:27017","reason":{"commonWireVersion":0,"compatible":true,"heartbeatFrequencyMS":10000,"localThresholdMS":15,"logicalSessionTimeoutMinutes":null,"maxElectionId":"7fffffff00000000000000a1","maxSetVersion":7,"servers":{},"setName":"Cluster0-shard-0","stale":false,"type":"ReplicaSetNoPrimary"},"stack":"MongoServerSelectionError: connect ETIMEDOUT 3.208.191.7:27017\n    at Timeout._onTimeout (C:\\Users\\rob_b\\source\\repos\\git\\financial-control-api\\node_modules\\mongodb\\lib\\sdam\\topology.js:277:38)\n    at listOnTimeout (node:internal/timers:568:17)\n    at process.processTimers (node:internal/timers:511:7)"}
{"level":"error","message":"connect ETIMEDOUT 3.208.191.7:27017 connect ETIMEDOUT 3.208.191.7:27017","reason":{"commonWireVersion":0,"compatible":true,"heartbeatFrequencyMS":10000,"localThresholdMS":15,"logicalSessionTimeoutMinutes":null,"maxElectionId":"7fffffff00000000000000a1","maxSetVersion":7,"servers":{},"setName":"Cluster0-shard-0","stale":false,"type":"ReplicaSetNoPrimary"},"stack":"MongoServerSelectionError: connect ETIMEDOUT 3.208.191.7:27017\n    at Timeout._onTimeout (C:\\Users\\rob_b\\source\\repos\\git\\financial-control-api\\node_modules\\mongodb\\lib\\sdam\\topology.js:277:38)\n    at listOnTimeout (node:internal/timers:568:17)\n    at process.processTimers (node:internal/timers:511:7)"}
{"level":"error","message":"connect ETIMEDOUT 3.208.191.7:27017 connect ETIMEDOUT 3.208.191.7:27017","reason":{"commonWireVersion":0,"compatible":true,"heartbeatFrequencyMS":10000,"localThresholdMS":15,"logicalSessionTimeoutMinutes":null,"maxElectionId":"7fffffff00000000000000a1","maxSetVersion":7,"servers":{},"setName":"Cluster0-shard-0","stale":false,"type":"ReplicaSetNoPrimary"},"stack":"MongoServerSelectionError: connect ETIMEDOUT 3.208.191.7:27017\n    at Timeout._onTimeout (C:\\Users\\rob_b\\source\\repos\\git\\financial-control-api\\node_modules\\mongodb\\lib\\sdam\\topology.js:277:38)\n    at listOnTimeout (node:internal/timers:568:17)\n    at process.processTimers (node:internal/timers:511:7)"}
{"level":"error","message":"connect ETIMEDOUT 3.208.191.7:27017 connect ETIMEDOUT 3.208.191.7:27017","reason":{"commonWireVersion":0,"compatible":true,"heartbeatFrequencyMS":10000,"localThresholdMS":15,"logicalSessionTimeoutMinutes":null,"maxElectionId":"7fffffff00000000000000a1","maxSetVersion":7,"servers":{},"setName":"Cluster0-shard-0","stale":false,"type":"ReplicaSetNoPrimary"},"stack":"MongoServerSelectionError: connect ETIMEDOUT 3.208.191.7:27017\n    at Timeout._onTimeout (C:\\Users\\rob_b\\source\\repos\\git\\financial-control-api\\node_modules\\mongodb\\lib\\sdam\\topology.js:277:38)\n    at listOnTimeout (node:internal/timers:568:17)\n    at process.processTimers (node:internal/timers:511:7)"}
{"level":"error","message":"connect ETIMEDOUT 3.208.191.7:27017 connect ETIMEDOUT 3.208.191.7:27017","reason":{"commonWireVersion":0,"compatible":true,"heartbeatFrequencyMS":10000,"localThresholdMS":15,"logicalSessionTimeoutMinutes":null,"maxElectionId":"7fffffff00000000000000a1","maxSetVersion":7,"servers":{},"setName":"Cluster0-shard-0","stale":false,"type":"ReplicaSetNoPrimary"},"stack":"MongoServerSelectionError: connect ETIMEDOUT 3.208.191.7:27017\n    at Timeout._onTimeout (C:\\Users\\rob_b\\source\\repos\\git\\financial-control-api\\node_modules\\mongodb\\lib\\sdam\\topology.js:277:38)\n    at listOnTimeout (node:internal/timers:568:17)\n    at process.processTimers (node:internal/timers:511:7)"}
{"level":"error","message":"connect ETIMEDOUT 3.208.191.7:27017 connect ETIMEDOUT 3.208.191.7:27017","reason":{"commonWireVersion":0,"compatible":true,"heartbeatFrequencyMS":10000,"localThresholdMS":15,"logicalSessionTimeoutMinutes":null,"maxElectionId":"7fffffff00000000000000a1","maxSetVersion":7,"servers":{},"setName":"Cluster0-shard-0","stale":false,"type":"ReplicaSetNoPrimary"},"stack":"MongoServerSelectionError: connect ETIMEDOUT 3.208.191.7:27017\n    at Timeout._onTimeout (C:\\Users\\rob_b\\source\\repos\\git\\financial-control-api\\node_modules\\mongodb\\lib\\sdam\\topology.js:277:38)\n    at listOnTimeout (node:internal/timers:568:17)\n    at process.processTimers (node:internal/timers:511:7)"}
{"level":"error","message":"connect ETIMEDOUT 3.208.191.7:27017 connect ETIMEDOUT 3.208.191.7:27017","reason":{"commonWireVersion":0,"compatible":true,"heartbeatFrequencyMS":10000,"localThresholdMS":15,"logicalSessionTimeoutMinutes":null,"maxElectionId":"7fffffff00000000000000a1","maxSetVersion":7,"servers":{},"setName":"Cluster0-shard-0","stale":false,"type":"ReplicaSetNoPrimary"},"stack":"MongoServerSelectionError: connect ETIMEDOUT 3.208.191.7:27017\n    at Timeout._onTimeout (C:\\Users\\rob_b\\source\\repos\\git\\financial-control-api\\node_modules\\mongodb\\lib\\sdam\\topology.js:277:38)\n    at listOnTimeout (node:internal/timers:568:17)\n    at process.processTimers (node:internal/timers:511:7)"}
{"level":"error","message":"connect ETIMEDOUT 3.208.191.7:27017 connect ETIMEDOUT 3.208.191.7:27017","reason":{"commonWireVersion":0,"compatible":true,"heartbeatFrequencyMS":10000,"localThresholdMS":15,"logicalSessionTimeoutMinutes":null,"maxElectionId":"7fffffff00000000000000a1","maxSetVersion":7,"servers":{},"setName":"Cluster0-shard-0","stale":false,"type":"ReplicaSetNoPrimary"},"stack":"MongoServerSelectionError: connect ETIMEDOUT 3.208.191.7:27017\n    at Timeout._onTimeout (C:\\Users\\rob_b\\source\\repos\\git\\financial-control-api\\node_modules\\mongodb\\lib\\sdam\\topology.js:277:38)\n    at listOnTimeout (node:internal/timers:568:17)\n    at process.processTimers (node:internal/timers:511:7)"}
{"level":"error","message":"connect ETIMEDOUT 3.208.191.7:27017 connect ETIMEDOUT 3.208.191.7:27017","reason":{"commonWireVersion":0,"compatible":true,"heartbeatFrequencyMS":10000,"localThresholdMS":15,"logicalSessionTimeoutMinutes":null,"maxElectionId":"7fffffff00000000000000a1","maxSetVersion":7,"servers":{},"setName":"Cluster0-shard-0","stale":false,"type":"ReplicaSetNoPrimary"},"stack":"MongoServerSelectionError: connect ETIMEDOUT 3.208.191.7:27017\n    at Timeout._onTimeout (C:\\Users\\rob_b\\source\\repos\\git\\financial-control-api\\node_modules\\mongodb\\lib\\sdam\\topology.js:277:38)\n    at listOnTimeout (node:internal/timers:568:17)\n    at process.processTimers (node:internal/timers:511:7)"}
{"level":"error","message":"connect ETIMEDOUT 3.208.191.7:27017 connect ETIMEDOUT 3.208.191.7:27017","reason":{"commonWireVersion":0,"compatible":true,"heartbeatFrequencyMS":10000,"localThresholdMS":15,"logicalSessionTimeoutMinutes":null,"maxElectionId":"7fffffff00000000000000a1","maxSetVersion":7,"servers":{},"setName":"Cluster0-shard-0","stale":false,"type":"ReplicaSetNoPrimary"},"stack":"MongoServerSelectionError: connect ETIMEDOUT 3.208.191.7:27017\n    at Timeout._onTimeout (C:\\Users\\rob_b\\source\\repos\\git\\financial-control-api\\node_modules\\mongodb\\lib\\sdam\\topology.js:277:38)\n    at listOnTimeout (node:internal/timers:568:17)\n    at process.processTimers (node:internal/timers:511:7)"}
{"level":"error","message":"connect ETIMEDOUT 3.208.191.7:27017 connect ETIMEDOUT 3.208.191.7:27017","reason":{"commonWireVersion":0,"compatible":true,"heartbeatFrequencyMS":10000,"localThresholdMS":15,"logicalSessionTimeoutMinutes":null,"maxElectionId":"7fffffff00000000000000a1","maxSetVersion":7,"servers":{},"setName":"Cluster0-shard-0","stale":false,"type":"ReplicaSetNoPrimary"},"stack":"MongoServerSelectionError: connect ETIMEDOUT 3.208.191.7:27017\n    at Timeout._onTimeout (C:\\Users\\rob_b\\source\\repos\\git\\financial-control-api\\node_modules\\mongodb\\lib\\sdam\\topology.js:277:38)\n    at listOnTimeout (node:internal/timers:568:17)\n    at process.processTimers (node:internal/timers:511:7)"}
{"level":"error","message":"connect ETIMEDOUT 3.208.191.7:27017 connect ETIMEDOUT 3.208.191.7:27017","reason":{"commonWireVersion":0,"compatible":true,"heartbeatFrequencyMS":10000,"localThresholdMS":15,"logicalSessionTimeoutMinutes":null,"maxElectionId":"7fffffff00000000000000a1","maxSetVersion":7,"servers":{},"setName":"Cluster0-shard-0","stale":false,"type":"ReplicaSetNoPrimary"},"stack":"MongoServerSelectionError: connect ETIMEDOUT 3.208.191.7:27017\n    at Timeout._onTimeout (C:\\Users\\rob_b\\source\\repos\\git\\financial-control-api\\node_modules\\mongodb\\lib\\sdam\\topology.js:277:38)\n    at listOnTimeout (node:internal/timers:568:17)\n    at process.processTimers (node:internal/timers:511:7)"}
{"level":"error","message":"connect ETIMEDOUT 3.208.191.7:27017 connect ETIMEDOUT 3.208.191.7:27017","reason":{"commonWireVersion":0,"compatible":true,"heartbeatFrequencyMS":10000,"localThresholdMS":15,"logicalSessionTimeoutMinutes":null,"maxElectionId":"7fffffff00000000000000a1","maxSetVersion":7,"servers":{},"setName":"Cluster0-shard-0","stale":false,"type":"ReplicaSetNoPrimary"},"stack":"MongoServerSelectionError: connect ETIMEDOUT 3.208.191.7:27017\n    at Timeout._onTimeout (C:\\Users\\rob_b\\source\\repos\\git\\financial-control-api\\node_modules\\mongodb\\lib\\sdam\\topology.js:277:38)\n    at listOnTimeout (node:internal/timers:568:17)\n    at process.processTimers (node:internal/timers:511:7)"}
{"level":"error","message":"connect ETIMEDOUT 3.208.191.7:27017 connect ETIMEDOUT 3.208.191.7:27017","reason":{"commonWireVersion":0,"compatible":true,"heartbeatFrequencyMS":10000,"localThresholdMS":15,"logicalSessionTimeoutMinutes":null,"maxElectionId":"7fffffff00000000000000a1","maxSetVersion":7,"servers":{},"setName":"Cluster0-shard-0","stale":false,"type":"ReplicaSetNoPrimary"},"stack":"MongoServerSelectionError: connect ETIMEDOUT 3.208.191.7:27017\n    at Timeout._onTimeout (C:\\Users\\rob_b\\source\\repos\\git\\financial-control-api\\node_modules\\mongodb\\lib\\sdam\\topology.js:277:38)\n    at listOnTimeout (node:internal/timers:568:17)\n    at process.processTimers (node:internal/timers:511:7)"}
{"level":"error","message":"connect ETIMEDOUT 3.208.191.7:27017 connect ETIMEDOUT 3.208.191.7:27017","reason":{"commonWireVersion":0,"compatible":true,"heartbeatFrequencyMS":10000,"localThresholdMS":15,"logicalSessionTimeoutMinutes":null,"maxElectionId":"7fffffff00000000000000a1","maxSetVersion":7,"servers":{},"setName":"Cluster0-shard-0","stale":false,"type":"ReplicaSetNoPrimary"},"stack":"MongoServerSelectionError: connect ETIMEDOUT 3.208.191.7:27017\n    at Timeout._onTimeout (C:\\Users\\rob_b\\source\\repos\\git\\financial-control-api\\node_modules\\mongodb\\lib\\sdam\\topology.js:277:38)\n    at listOnTimeout (node:internal/timers:568:17)\n    at process.processTimers (node:internal/timers:511:7)"}
{"level":"error","message":"connect ETIMEDOUT 3.208.191.7:27017 connect ETIMEDOUT 3.208.191.7:27017","reason":{"commonWireVersion":0,"compatible":true,"heartbeatFrequencyMS":10000,"localThresholdMS":15,"logicalSessionTimeoutMinutes":null,"maxElectionId":"7fffffff00000000000000a1","maxSetVersion":7,"servers":{},"setName":"Cluster0-shard-0","stale":false,"type":"ReplicaSetNoPrimary"},"stack":"MongoServerSelectionError: connect ETIMEDOUT 3.208.191.7:27017\n    at Timeout._onTimeout (C:\\Users\\rob_b\\source\\repos\\git\\financial-control-api\\node_modules\\mongodb\\lib\\sdam\\topology.js:277:38)\n    at listOnTimeout (node:internal/timers:568:17)\n    at process.processTimers (node:internal/timers:511:7)"}
{"level":"info","message":"Connected to MongoDB..."}
{"level":"info","message":"Listening on port 3000..."}
{"level":"info","message":"Connected to MongoDB..."}
{"level":"info","message":"Listening on port 3000..."}
{"level":"info","message":"Connected to MongoDB..."}
{"level":"info","message":"Listening on port 3000..."}
{"level":"info","message":"Connected to MongoDB..."}
{"level":"info","message":"Listening on port 3000..."}
{"level":"info","message":"Connected to MongoDB..."}
{"level":"info","message":"Listening on port 3000..."}
{"level":"info","message":"Connected to MongoDB..."}
{"level":"info","message":"Listening on port 3000..."}
{"level":"info","message":"Connected to MongoDB..."}
{"level":"info","message":"Listening on port 3000..."}
{"level":"info","message":"Connected to MongoDB..."}
{"level":"info","message":"Listening on port 3000..."}
{"level":"info","message":"Connected to MongoDB..."}
{"level":"info","message":"Listening on port 3000..."}
{"level":"info","message":"Connected to MongoDB..."}
{"level":"info","message":"Listening on port 3000..."}
{"level":"info","message":"Connected to MongoDB..."}
{"level":"info","message":"Listening on port 3000..."}
{"level":"info","message":"Connected to MongoDB..."}
{"level":"info","message":"Listening on port 3000..."}
{"level":"info","message":"Connected to MongoDB..."}
{"level":"info","message":"Listening on port 3000..."}
{"level":"info","message":"Connected to MongoDB..."}
{"level":"info","message":"Listening on port 3000..."}
{"level":"info","message":"Connected to MongoDB..."}
{"level":"info","message":"Listening on port 3000..."}
{"level":"info","message":"Connected to MongoDB..."}
{"level":"error","message":"ISODate is not defined ISODate is not defined","stack":"ReferenceError: ISODate is not defined\n    at C:\\Users\\rob_b\\source\\repos\\git\\financial-control-api\\routes\\cashmovement.js:17:44\n    at newFn (C:\\Users\\rob_b\\source\\repos\\git\\financial-control-api\\node_modules\\express-async-errors\\index.js:16:20)\n    at Layer.handle [as handle_request] (C:\\Users\\rob_b\\source\\repos\\git\\financial-control-api\\node_modules\\express\\lib\\router\\layer.js:95:5)\n    at next (C:\\Users\\rob_b\\source\\repos\\git\\financial-control-api\\node_modules\\express\\lib\\router\\route.js:144:13)\n    at cors (C:\\Users\\rob_b\\source\\repos\\git\\financial-control-api\\node_modules\\cors\\lib\\index.js:188:7)\n    at C:\\Users\\rob_b\\source\\repos\\git\\financial-control-api\\node_modules\\cors\\lib\\index.js:224:17\n    at originCallback (C:\\Users\\rob_b\\source\\repos\\git\\financial-control-api\\node_modules\\cors\\lib\\index.js:214:15)\n    at C:\\Users\\rob_b\\source\\repos\\git\\financial-control-api\\node_modules\\cors\\lib\\index.js:219:13\n    at optionsCallback (C:\\Users\\rob_b\\source\\repos\\git\\financial-control-api\\node_modules\\cors\\lib\\index.js:199:9)\n    at corsMiddleware (C:\\Users\\rob_b\\source\\repos\\git\\financial-control-api\\node_modules\\cors\\lib\\index.js:204:7)"}
{"level":"info","message":"Listening on port 3000..."}
{"level":"info","message":"Connected to MongoDB..."}
{"level":"info","message":"Listening on port 3000..."}
{"level":"info","message":"Connected to MongoDB..."}
{"level":"info","message":"Listening on port 3000..."}
{"level":"info","message":"Connected to MongoDB..."}
{"level":"info","message":"Listening on port 3000..."}
{"level":"info","message":"Connected to MongoDB..."}
{"level":"info","message":"Listening on port 3000..."}
{"level":"info","message":"Connected to MongoDB..."}
{"level":"info","message":"Listening on port 3000..."}
{"level":"info","message":"Connected to MongoDB..."}
{"level":"info","message":"Listening on port 3000..."}
{"level":"info","message":"Connected to MongoDB..."}
{"level":"info","message":"Listening on port 3000..."}
{"level":"info","message":"Connected to MongoDB..."}
{"level":"info","message":"Listening on port 3000..."}
{"level":"info","message":"Connected to MongoDB..."}
{"level":"info","message":"Listening on port 3000..."}
{"level":"info","message":"Connected to MongoDB..."}
{"kind":"date","level":"error","message":"Cast to date failed for value \"6420decc2113048fee0c1301\" (type string) at path \"movementDate\" for model \"CashMovement\" Cast to date failed for value \"6420decc2113048fee0c1301\" (type string) at path \"movementDate\" for model \"CashMovement\"","path":"movementDate","reason":{"actual":false,"code":"ERR_ASSERTION","expected":true,"generatedMessage":true,"operator":"=="},"stack":"CastError: Cast to date failed for value \"6420decc2113048fee0c1301\" (type string) at path \"movementDate\" for model \"CashMovement\"\n    at SchemaDate.cast (C:\\Users\\rob_b\\source\\repos\\git\\financial-control-api\\node_modules\\mongoose\\lib\\schema\\date.js:354:11)\n    at SchemaDate.handleSingle (C:\\Users\\rob_b\\source\\repos\\git\\financial-control-api\\node_modules\\mongoose\\lib\\schema\\date.js:366:15)\n    at SchemaDate.castForQuery (C:\\Users\\rob_b\\source\\repos\\git\\financial-control-api\\node_modules\\mongoose\\lib\\schema\\date.js:397:18)\n    at cast (C:\\Users\\rob_b\\source\\repos\\git\\financial-control-api\\node_modules\\mongoose\\lib\\cast.js:333:39)\n    at Query.cast (C:\\Users\\rob_b\\source\\repos\\git\\financial-control-api\\node_modules\\mongoose\\lib\\query.js:4790:12)\n    at Query._castConditions (C:\\Users\\rob_b\\source\\repos\\git\\financial-control-api\\node_modules\\mongoose\\lib\\query.js:2177:10)\n    at model.Query._find (C:\\Users\\rob_b\\source\\repos\\git\\financial-control-api\\node_modules\\mongoose\\lib\\query.js:2203:8)\n    at model.Query.exec (C:\\Users\\rob_b\\source\\repos\\git\\financial-control-api\\node_modules\\mongoose\\lib\\query.js:4321:28)\n    at process.processTicksAndRejections (node:internal/process/task_queues:95:5)\n    at async C:\\Users\\rob_b\\source\\repos\\git\\financial-control-api\\routes\\cashmovement.js:18:31","stringValue":"\"6420decc2113048fee0c1301\"","value":"6420decc2113048fee0c1301","valueType":"string"}
{"level":"info","message":"Listening on port 3000..."}
{"level":"info","message":"Connected to MongoDB..."}
{"kind":"date","level":"error","message":"Cast to date failed for value \"6420decc2113048fee0c1301\" (type string) at path \"movementDate\" for model \"CashMovement\" Cast to date failed for value \"6420decc2113048fee0c1301\" (type string) at path \"movementDate\" for model \"CashMovement\"","path":"movementDate","reason":{"actual":false,"code":"ERR_ASSERTION","expected":true,"generatedMessage":true,"operator":"=="},"stack":"CastError: Cast to date failed for value \"6420decc2113048fee0c1301\" (type string) at path \"movementDate\" for model \"CashMovement\"\n    at SchemaDate.cast (C:\\Users\\rob_b\\source\\repos\\git\\financial-control-api\\node_modules\\mongoose\\lib\\schema\\date.js:354:11)\n    at SchemaDate.handleSingle (C:\\Users\\rob_b\\source\\repos\\git\\financial-control-api\\node_modules\\mongoose\\lib\\schema\\date.js:366:15)\n    at SchemaDate.castForQuery (C:\\Users\\rob_b\\source\\repos\\git\\financial-control-api\\node_modules\\mongoose\\lib\\schema\\date.js:397:18)\n    at cast (C:\\Users\\rob_b\\source\\repos\\git\\financial-control-api\\node_modules\\mongoose\\lib\\cast.js:333:39)\n    at Query.cast (C:\\Users\\rob_b\\source\\repos\\git\\financial-control-api\\node_modules\\mongoose\\lib\\query.js:4790:12)\n    at Query._castConditions (C:\\Users\\rob_b\\source\\repos\\git\\financial-control-api\\node_modules\\mongoose\\lib\\query.js:2177:10)\n    at model.Query._find (C:\\Users\\rob_b\\source\\repos\\git\\financial-control-api\\node_modules\\mongoose\\lib\\query.js:2203:8)\n    at model.Query.exec (C:\\Users\\rob_b\\source\\repos\\git\\financial-control-api\\node_modules\\mongoose\\lib\\query.js:4321:28)\n    at process.processTicksAndRejections (node:internal/process/task_queues:95:5)\n    at async C:\\Users\\rob_b\\source\\repos\\git\\financial-control-api\\routes\\cashmovement.js:20:31","stringValue":"\"6420decc2113048fee0c1301\"","value":"6420decc2113048fee0c1301","valueType":"string"}
{"level":"info","message":"Listening on port 3000..."}
{"level":"info","message":"Connected to MongoDB..."}
{"kind":"date","level":"error","message":"Cast to date failed for value \"6420decc2113048fee0c1301\" (type string) at path \"movementDate\" for model \"CashMovement\" Cast to date failed for value \"6420decc2113048fee0c1301\" (type string) at path \"movementDate\" for model \"CashMovement\"","path":"movementDate","reason":{"actual":false,"code":"ERR_ASSERTION","expected":true,"generatedMessage":true,"operator":"=="},"stack":"CastError: Cast to date failed for value \"6420decc2113048fee0c1301\" (type string) at path \"movementDate\" for model \"CashMovement\"\n    at SchemaDate.cast (C:\\Users\\rob_b\\source\\repos\\git\\financial-control-api\\node_modules\\mongoose\\lib\\schema\\date.js:354:11)\n    at SchemaDate.handleSingle (C:\\Users\\rob_b\\source\\repos\\git\\financial-control-api\\node_modules\\mongoose\\lib\\schema\\date.js:366:15)\n    at SchemaDate.castForQuery (C:\\Users\\rob_b\\source\\repos\\git\\financial-control-api\\node_modules\\mongoose\\lib\\schema\\date.js:397:18)\n    at cast (C:\\Users\\rob_b\\source\\repos\\git\\financial-control-api\\node_modules\\mongoose\\lib\\cast.js:333:39)\n    at Query.cast (C:\\Users\\rob_b\\source\\repos\\git\\financial-control-api\\node_modules\\mongoose\\lib\\query.js:4790:12)\n    at Query._castConditions (C:\\Users\\rob_b\\source\\repos\\git\\financial-control-api\\node_modules\\mongoose\\lib\\query.js:2177:10)\n    at model.Query._find (C:\\Users\\rob_b\\source\\repos\\git\\financial-control-api\\node_modules\\mongoose\\lib\\query.js:2203:8)\n    at model.Query.exec (C:\\Users\\rob_b\\source\\repos\\git\\financial-control-api\\node_modules\\mongoose\\lib\\query.js:4321:28)\n    at process.processTicksAndRejections (node:internal/process/task_queues:95:5)\n    at async C:\\Users\\rob_b\\source\\repos\\git\\financial-control-api\\routes\\cashmovement.js:20:31","stringValue":"\"6420decc2113048fee0c1301\"","value":"6420decc2113048fee0c1301","valueType":"string"}
{"level":"info","message":"Listening on port 3000..."}
{"level":"info","message":"Listening on port 3000..."}
{"level":"info","message":"Connected to MongoDB..."}
{"level":"error","message":"Cannot convert circular structure to BSON Cannot convert circular structure to BSON","stack":"BSONError: Cannot convert circular structure to BSON\n    at serializeObject (C:\\Users\\rob_b\\source\\repos\\git\\financial-control-api\\node_modules\\bson\\lib\\bson.cjs:3176:15)\n    at serializeInto (C:\\Users\\rob_b\\source\\repos\\git\\financial-control-api\\node_modules\\bson\\lib\\bson.cjs:3617:25)\n    at serializeObject (C:\\Users\\rob_b\\source\\repos\\git\\financial-control-api\\node_modules\\bson\\lib\\bson.cjs:3183:22)\n    at serializeInto (C:\\Users\\rob_b\\source\\repos\\git\\financial-control-api\\node_modules\\bson\\lib\\bson.cjs:3617:25)\n    at serializeObject (C:\\Users\\rob_b\\source\\repos\\git\\financial-control-api\\node_modules\\bson\\lib\\bson.cjs:3183:22)\n    at serializeInto (C:\\Users\\rob_b\\source\\repos\\git\\financial-control-api\\node_modules\\bson\\lib\\bson.cjs:3617:25)\n    at serializeObject (C:\\Users\\rob_b\\source\\repos\\git\\financial-control-api\\node_modules\\bson\\lib\\bson.cjs:3183:22)\n    at serializeInto (C:\\Users\\rob_b\\source\\repos\\git\\financial-control-api\\node_modules\\bson\\lib\\bson.cjs:3617:25)\n    at serializeObject (C:\\Users\\rob_b\\source\\repos\\git\\financial-control-api\\node_modules\\bson\\lib\\bson.cjs:3183:22)\n    at serializeInto (C:\\Users\\rob_b\\source\\repos\\git\\financial-control-api\\node_modules\\bson\\lib\\bson.cjs:3617:25)"}
{"level":"info","message":"Listening on port 3000..."}
{"level":"info","message":"Connected to MongoDB..."}
{"level":"info","message":"Listening on port 3000..."}
{"level":"info","message":"Connected to MongoDB..."}
{"level":"info","message":"Listening on port 3000..."}
{"level":"info","message":"Connected to MongoDB..."}
{"level":"info","message":"Listening on port 3000..."}
{"level":"info","message":"Connected to MongoDB..."}
{"level":"info","message":"Listening on port 3000..."}
{"level":"info","message":"Connected to MongoDB..."}
{"level":"info","message":"Listening on port 3000..."}
{"level":"info","message":"Listening on port 3000..."}
{"level":"info","message":"Listening on port 3000..."}
{"level":"info","message":"Connected to MongoDB..."}
{"level":"info","message":"Listening on port 3000..."}
{"level":"info","message":"Connected to MongoDB..."}
{"level":"info","message":"Listening on port 3000..."}
{"level":"info","message":"Connected to MongoDB..."}
{"level":"info","message":"Listening on port 3000..."}
{"level":"info","message":"Connected to MongoDB..."}
{"level":"info","message":"Listening on port 3000..."}
{"level":"info","message":"Connected to MongoDB..."}
